\BOOKMARK [0][-]{chapter.1}{\376\377\0001\000\040\000I\000n\000d\000e\000x\000\040\000d\000e\000s\000\040\000c\000l\000a\000s\000s\000e\000s}{}% 1
\BOOKMARK [1][-]{section.1.1}{\376\377\0001\000.\0001\000\040\000L\000i\000s\000t\000e\000\040\000d\000e\000s\000\040\000c\000l\000a\000s\000s\000e\000s}{chapter.1}% 2
\BOOKMARK [0][-]{chapter.2}{\376\377\0002\000\040\000I\000n\000d\000e\000x\000\040\000d\000e\000s\000\040\000f\000i\000c\000h\000i\000e\000r\000s}{}% 3
\BOOKMARK [1][-]{section.2.1}{\376\377\0002\000.\0001\000\040\000L\000i\000s\000t\000e\000\040\000d\000e\000s\000\040\000f\000i\000c\000h\000i\000e\000r\000s}{chapter.2}% 4
\BOOKMARK [0][-]{chapter.3}{\376\377\0003\000\040\000D\000o\000c\000u\000m\000e\000n\000t\000a\000t\000i\000o\000n\000\040\000d\000e\000s\000\040\000c\000l\000a\000s\000s\000e\000s}{}% 5
\BOOKMARK [1][-]{section.3.1}{\376\377\0003\000.\0001\000\040\000R\000\351\000f\000\351\000r\000e\000n\000c\000e\000\040\000d\000e\000\040\000l\000a\000\040\000s\000t\000r\000u\000c\000t\000u\000r\000e\000\040\000\137\000s\000n\000a\000k\000e}{chapter.3}% 6
\BOOKMARK [2][-]{subsection.3.1.1}{\376\377\0003\000.\0001\000.\0001\000\040\000D\000o\000c\000u\000m\000e\000n\000t\000a\000t\000i\000o\000n\000\040\000d\000e\000s\000\040\000d\000o\000n\000n\000\351\000e\000s\000\040\000m\000e\000m\000b\000r\000e\000s}{section.3.1}% 7
\BOOKMARK [3][-]{subsubsection.3.1.1.1}{\376\377\0003\000.\0001\000.\0001\000.\0001\000\040\000n\000e\000x\000t}{subsection.3.1.1}% 8
\BOOKMARK [3][-]{subsubsection.3.1.1.2}{\376\377\0003\000.\0001\000.\0001\000.\0002\000\040\000x}{subsection.3.1.1}% 9
\BOOKMARK [3][-]{subsubsection.3.1.1.3}{\376\377\0003\000.\0001\000.\0001\000.\0003\000\040\000y}{subsection.3.1.1}% 10
\BOOKMARK [1][-]{section.3.2}{\376\377\0003\000.\0002\000\040\000R\000\351\000f\000\351\000r\000e\000n\000c\000e\000\040\000d\000e\000\040\000l\000a\000\040\000s\000t\000r\000u\000c\000t\000u\000r\000e\000\040\000b\000o\000a\000r\000d}{chapter.3}% 11
\BOOKMARK [2][-]{subsection.3.2.1}{\376\377\0003\000.\0002\000.\0001\000\040\000D\000e\000s\000c\000r\000i\000p\000t\000i\000o\000n\000\040\000d\000\351\000t\000a\000i\000l\000l\000\351\000e}{section.3.2}% 12
\BOOKMARK [2][-]{subsection.3.2.2}{\376\377\0003\000.\0002\000.\0002\000\040\000D\000o\000c\000u\000m\000e\000n\000t\000a\000t\000i\000o\000n\000\040\000d\000e\000s\000\040\000d\000o\000n\000n\000\351\000e\000s\000\040\000m\000e\000m\000b\000r\000e\000s}{section.3.2}% 13
\BOOKMARK [3][-]{subsubsection.3.2.2.1}{\376\377\0003\000.\0002\000.\0002\000.\0001\000\040\000a\000r\000r\000a\000y}{subsection.3.2.2}% 14
\BOOKMARK [3][-]{subsubsection.3.2.2.2}{\376\377\0003\000.\0002\000.\0002\000.\0002\000\040\000x}{subsection.3.2.2}% 15
\BOOKMARK [3][-]{subsubsection.3.2.2.3}{\376\377\0003\000.\0002\000.\0002\000.\0003\000\040\000y}{subsection.3.2.2}% 16
\BOOKMARK [1][-]{section.3.3}{\376\377\0003\000.\0003\000\040\000R\000\351\000f\000\351\000r\000e\000n\000c\000e\000\040\000d\000e\000\040\000l\000a\000\040\000s\000t\000r\000u\000c\000t\000u\000r\000e\000\040\000s\000n\000a\000k\000e}{chapter.3}% 17
\BOOKMARK [2][-]{subsection.3.3.1}{\376\377\0003\000.\0003\000.\0001\000\040\000D\000e\000s\000c\000r\000i\000p\000t\000i\000o\000n\000\040\000d\000\351\000t\000a\000i\000l\000l\000\351\000e}{section.3.3}% 18
\BOOKMARK [0][-]{chapter.4}{\376\377\0004\000\040\000D\000o\000c\000u\000m\000e\000n\000t\000a\000t\000i\000o\000n\000\040\000d\000e\000s\000\040\000f\000i\000c\000h\000i\000e\000r\000s}{}% 19
\BOOKMARK [1][-]{section.4.1}{\376\377\0004\000.\0001\000\040\000R\000\351\000f\000\351\000r\000e\000n\000c\000e\000\040\000d\000u\000\040\000f\000i\000c\000h\000i\000e\000r\000\040\000I\000N\000C\000L\000U\000D\000E\000/\000s\000c\000h\000l\000a\000n\000g\000a\000l\000i\000b\000.\000h}{chapter.4}% 20
\BOOKMARK [2][-]{subsection.4.1.1}{\376\377\0004\000.\0001\000.\0001\000\040\000D\000o\000c\000u\000m\000e\000n\000t\000a\000t\000i\000o\000n\000\040\000d\000e\000s\000\040\000f\000o\000n\000c\000t\000i\000o\000n\000s}{section.4.1}% 21
\BOOKMARK [3][-]{subsubsection.4.1.1.1}{\376\377\0004\000.\0001\000.\0001\000.\0001\000\040\000s\000c\000h\000l\000a\000n\000g\000a\000i\000a\000\050\000b\000o\000a\000r\000d\000\040\000*\000b\000,\000\040\000c\000o\000n\000s\000t\000\040\000s\000n\000a\000k\000e\000\040\000*\000s\000,\000\040\000s\000n\000a\000k\000e\000\040\000*\000c\000,\000\040\000i\000n\000t\000\040\000l\000e\000n\000\051}{subsection.4.1.1}% 22
\BOOKMARK [1][-]{section.4.2}{\376\377\0004\000.\0002\000\040\000R\000\351\000f\000\351\000r\000e\000n\000c\000e\000\040\000d\000u\000\040\000f\000i\000c\000h\000i\000e\000r\000\040\000I\000N\000C\000L\000U\000D\000E\000/\000s\000n\000a\000k\000e\000l\000i\000b\000.\000h}{chapter.4}% 23
\BOOKMARK [2][-]{subsection.4.2.1}{\376\377\0004\000.\0002\000.\0001\000\040\000D\000o\000c\000u\000m\000e\000n\000t\000a\000t\000i\000o\000n\000\040\000d\000e\000s\000\040\000d\000\351\000f\000i\000n\000i\000t\000i\000o\000n\000s\000\040\000d\000e\000\040\000t\000y\000p\000e}{section.4.2}% 24
\BOOKMARK [3][-]{subsubsection.4.2.1.1}{\376\377\0004\000.\0002\000.\0001\000.\0001\000\040\000s\000n\000a\000k\000e}{subsection.4.2.1}% 25
\BOOKMARK [3][-]{subsubsection.4.2.1.2}{\376\377\0004\000.\0002\000.\0001\000.\0002\000\040\000b\000o\000a\000r\000d}{subsection.4.2.1}% 26
\BOOKMARK [3][-]{subsubsection.4.2.1.3}{\376\377\0004\000.\0002\000.\0001\000.\0003\000\040\000s\000n\000a\000k\000e}{subsection.4.2.1}% 27
\BOOKMARK [2][-]{subsection.4.2.2}{\376\377\0004\000.\0002\000.\0002\000\040\000D\000o\000c\000u\000m\000e\000n\000t\000a\000t\000i\000o\000n\000\040\000d\000e\000s\000\040\000f\000o\000n\000c\000t\000i\000o\000n\000s}{section.4.2}% 28
\BOOKMARK [3][-]{subsubsection.4.2.2.1}{\376\377\0004\000.\0002\000.\0002\000.\0001\000\040\000b\000o\000a\000r\000d\000a\000p\000p\000l\000e\000\050\000b\000o\000a\000r\000d\000\040\000*\000b\000,\000\040\000i\000n\000t\000\040\000*\000x\000,\000\040\000i\000n\000t\000\040\000*\000y\000\051}{subsection.4.2.2}% 29
\BOOKMARK [3][-]{subsubsection.4.2.2.2}{\376\377\0004\000.\0002\000.\0002\000.\0002\000\040\000b\000o\000a\000r\000d\000f\000r\000e\000e\000\050\000b\000o\000a\000r\000d\000\040\000*\000b\000r\000d\000i\000n\000\051}{subsection.4.2.2}% 30
\BOOKMARK [3][-]{subsubsection.4.2.2.3}{\376\377\0004\000.\0002\000.\0002\000.\0003\000\040\000b\000o\000a\000r\000d\000g\000e\000t\000\050\000b\000o\000a\000r\000d\000\040\000c\000o\000n\000s\000t\000\040\000*\000b\000r\000d\000i\000n\000,\000\040\000i\000n\000t\000\040\000x\000,\000\040\000i\000n\000t\000\040\000y\000\051}{subsection.4.2.2}% 31
\BOOKMARK [3][-]{subsubsection.4.2.2.4}{\376\377\0004\000.\0002\000.\0002\000.\0004\000\040\000b\000o\000a\000r\000d\000i\000n\000i\000t\000\050\000i\000n\000t\000\040\000x\000,\000\040\000i\000n\000t\000\040\000y\000\051}{subsection.4.2.2}% 32
\BOOKMARK [3][-]{subsubsection.4.2.2.5}{\376\377\0004\000.\0002\000.\0002\000.\0005\000\040\000b\000o\000a\000r\000d\000p\000r\000i\000n\000t\000\050\000c\000o\000n\000s\000t\000\040\000b\000o\000a\000r\000d\000\040\000*\000b\000r\000d\000i\000n\000\051}{subsection.4.2.2}% 33
\BOOKMARK [3][-]{subsubsection.4.2.2.6}{\376\377\0004\000.\0002\000.\0002\000.\0006\000\040\000b\000o\000a\000r\000d\000p\000x\000m\000a\000p\000\050\000c\000o\000n\000s\000t\000\040\000b\000o\000a\000r\000d\000\040\000*\000b\000r\000d\000i\000n\000,\000\040\000c\000h\000a\000r\000\040\000*\000f\000o\000l\000d\000e\000r\000n\000a\000m\000e\000,\000\040\000i\000n\000t\000\040\000f\000i\000l\000e\000n\000a\000m\000e\000,\000\040\000i\000n\000t\000\040\000z\000o\000o\000m\000\051}{subsection.4.2.2}% 34
\BOOKMARK [3][-]{subsubsection.4.2.2.7}{\376\377\0004\000.\0002\000.\0002\000.\0007\000\040\000b\000o\000a\000r\000d\000s\000e\000t\000\050\000b\000o\000a\000r\000d\000\040\000*\000b\000r\000d\000i\000n\000,\000\040\000i\000n\000t\000\040\000x\000,\000\040\000i\000n\000t\000\040\000y\000,\000\040\000c\000h\000a\000r\000\040\000v\000a\000l\000u\000e\000\051}{subsection.4.2.2}% 35
\BOOKMARK [3][-]{subsubsection.4.2.2.8}{\376\377\0004\000.\0002\000.\0002\000.\0008\000\040\000b\000o\000a\000r\000d\000s\000i\000z\000e\000x\000\050\000b\000o\000a\000r\000d\000\040\000c\000o\000n\000s\000t\000\040\000*\000b\000\051}{subsection.4.2.2}% 36
\BOOKMARK [3][-]{subsubsection.4.2.2.9}{\376\377\0004\000.\0002\000.\0002\000.\0009\000\040\000b\000o\000a\000r\000d\000s\000i\000z\000e\000y\000\050\000b\000o\000a\000r\000d\000\040\000c\000o\000n\000s\000t\000\040\000*\000b\000\051}{subsection.4.2.2}% 37
\BOOKMARK [3][-]{subsubsection.4.2.2.10}{\376\377\0004\000.\0002\000.\0002\000.\0001\0000\000\040\000c\000h\000o\000c\000s\000c\000\050\000s\000n\000a\000k\000e\000\040\000c\000o\000n\000s\000t\000\040\000*\000s\0001\000,\000\040\000s\000n\000a\000k\000e\000\040\000c\000o\000n\000s\000t\000\040\000*\000s\0002\000\051}{subsection.4.2.2}% 38
\BOOKMARK [3][-]{subsubsection.4.2.2.11}{\376\377\0004\000.\0002\000.\0002\000.\0001\0001\000\040\000c\000h\000o\000c\000s\000n\000a\000k\000e\000\050\000s\000n\000a\000k\000e\000\040\000c\000o\000n\000s\000t\000\040\000*\000s\0001\000,\000\040\000s\000n\000a\000k\000e\000\040\000c\000o\000n\000s\000t\000\040\000*\000s\0002\000\051}{subsection.4.2.2}% 39
\BOOKMARK [3][-]{subsubsection.4.2.2.12}{\376\377\0004\000.\0002\000.\0002\000.\0001\0002\000\040\000c\000h\000o\000c\000w\000a\000l\000l\000\050\000b\000o\000a\000r\000d\000\040\000c\000o\000n\000s\000t\000\040\000*\000b\000,\000\040\000s\000n\000a\000k\000e\000\040\000c\000o\000n\000s\000t\000\040\000*\000s\000\051}{subsection.4.2.2}% 40
\BOOKMARK [3][-]{subsubsection.4.2.2.13}{\376\377\0004\000.\0002\000.\0002\000.\0001\0003\000\040\000m\000o\000v\000e\000\050\000b\000o\000a\000r\000d\000\040\000*\000b\000r\000d\000i\000n\000,\000\040\000s\000n\000a\000k\000e\000\040\000*\000s\000n\000k\000i\000n\000,\000\040\000c\000h\000a\000r\000\040\000i\000d\000\051}{subsection.4.2.2}% 41
\BOOKMARK [3][-]{subsubsection.4.2.2.14}{\376\377\0004\000.\0002\000.\0002\000.\0001\0004\000\040\000s\000n\000a\000k\000e\000a\000d\000d\000\050\000s\000n\000a\000k\000e\000\040\000*\000s\000n\000k\000i\000n\000,\000\040\000i\000n\000t\000\040\000x\000,\000\040\000i\000n\000t\000\040\000y\000\051}{subsection.4.2.2}% 42
\BOOKMARK [3][-]{subsubsection.4.2.2.15}{\376\377\0004\000.\0002\000.\0002\000.\0001\0005\000\040\000s\000n\000a\000k\000e\000a\000d\000d\000l\000\050\000s\000n\000a\000k\000e\000\040\000*\000s\000n\000k\000i\000n\000,\000\040\000i\000n\000t\000\040\000x\000,\000\040\000i\000n\000t\000\040\000y\000\051}{subsection.4.2.2}% 43
\BOOKMARK [3][-]{subsubsection.4.2.2.16}{\376\377\0004\000.\0002\000.\0002\000.\0001\0006\000\040\000s\000n\000a\000k\000e\000a\000p\000p\000l\000e\000\050\000s\000n\000a\000k\000e\000\040\000c\000o\000n\000s\000t\000\040\000*\000s\000,\000\040\000i\000n\000t\000\040\000*\000x\000,\000\040\000i\000n\000t\000\040\000*\000y\000\051}{subsection.4.2.2}% 44
\BOOKMARK [3][-]{subsubsection.4.2.2.17}{\376\377\0004\000.\0002\000.\0002\000.\0001\0007\000\040\000s\000n\000a\000k\000e\000d\000e\000l\000\050\000s\000n\000a\000k\000e\000\040\000*\000s\000n\000k\000i\000n\000,\000\040\000i\000n\000t\000\040\000*\000x\000,\000\040\000i\000n\000t\000\040\000*\000y\000\051}{subsection.4.2.2}% 45
\BOOKMARK [3][-]{subsubsection.4.2.2.18}{\376\377\0004\000.\0002\000.\0002\000.\0001\0008\000\040\000s\000n\000a\000k\000e\000f\000r\000e\000e\000\050\000s\000n\000a\000k\000e\000\040\000*\000s\000n\000k\000i\000n\000\051}{subsection.4.2.2}% 46
\BOOKMARK [3][-]{subsubsection.4.2.2.19}{\376\377\0004\000.\0002\000.\0002\000.\0001\0009\000\040\000s\000n\000a\000k\000e\000g\000e\000t\000l\000\050\000s\000n\000a\000k\000e\000\040\000*\000s\000n\000k\000i\000n\000,\000\040\000i\000n\000t\000\040\000*\000x\000,\000\040\000i\000n\000t\000\040\000*\000y\000\051}{subsection.4.2.2}% 47
\BOOKMARK [3][-]{subsubsection.4.2.2.20}{\376\377\0004\000.\0002\000.\0002\000.\0002\0000\000\040\000s\000n\000a\000k\000e\000i\000n\000i\000t\000\050\000b\000o\000a\000r\000d\000\040\000*\000b\000r\000d\000i\000n\000,\000\040\000s\000n\000a\000k\000e\000\040\000*\000s\000n\000k\000i\000n\000,\000\040\000i\000n\000t\000\040\000l\000e\000n\000,\000\040\000c\000h\000a\000r\000\040\000i\000d\000\051}{subsection.4.2.2}% 48
\BOOKMARK [3][-]{subsubsection.4.2.2.21}{\376\377\0004\000.\0002\000.\0002\000.\0002\0001\000\040\000s\000n\000a\000k\000e\000p\000r\000i\000n\000t\000\050\000c\000o\000n\000s\000t\000\040\000s\000n\000a\000k\000e\000\040\000*\000s\000n\000k\000i\000n\000\051}{subsection.4.2.2}% 49
\BOOKMARK [3][-]{subsubsection.4.2.2.22}{\376\377\0004\000.\0002\000.\0002\000.\0002\0002\000\040\000t\000u\000r\000n\000\050\000b\000o\000a\000r\000d\000\040\000*\000b\000r\000d\000i\000n\000,\000\040\000s\000n\000a\000k\000e\000\040\000*\000s\000n\000k\000i\000n\000,\000\040\000i\000n\000t\000\040\000d\000r\000c\000t\000n\000,\000\040\000c\000h\000a\000r\000\040\000i\000d\000\051}{subsection.4.2.2}% 50
\BOOKMARK [1][-]{section.4.3}{\376\377\0004\000.\0003\000\040\000R\000\351\000f\000\351\000r\000e\000n\000c\000e\000\040\000d\000u\000\040\000f\000i\000c\000h\000i\000e\000r\000\040\000S\000O\000U\000R\000C\000E\000/\000c\000l\000i\000e\000n\000t\000.\000c}{chapter.4}% 51
\BOOKMARK [2][-]{subsection.4.3.1}{\376\377\0004\000.\0003\000.\0001\000\040\000D\000o\000c\000u\000m\000e\000n\000t\000a\000t\000i\000o\000n\000\040\000d\000e\000s\000\040\000m\000a\000c\000r\000o\000s}{section.4.3}% 52
\BOOKMARK [3][-]{subsubsection.4.3.1.1}{\376\377\0004\000.\0003\000.\0001\000.\0001\000\040\000A\000D\000D\000R}{subsection.4.3.1}% 53
\BOOKMARK [3][-]{subsubsection.4.3.1.2}{\376\377\0004\000.\0003\000.\0001\000.\0002\000\040\000e\000r\000r}{subsection.4.3.1}% 54
\BOOKMARK [3][-]{subsubsection.4.3.1.3}{\376\377\0004\000.\0003\000.\0001\000.\0003\000\040\000P\000O\000R\000T}{subsection.4.3.1}% 55
\BOOKMARK [3][-]{subsubsection.4.3.1.4}{\376\377\0004\000.\0003\000.\0001\000.\0004\000\040\000s\000l\000e\000n}{subsection.4.3.1}% 56
\BOOKMARK [3][-]{subsubsection.4.3.1.5}{\376\377\0004\000.\0003\000.\0001\000.\0005\000\040\000t\000a\000b\000X}{subsection.4.3.1}% 57
\BOOKMARK [3][-]{subsubsection.4.3.1.6}{\376\377\0004\000.\0003\000.\0001\000.\0006\000\040\000t\000a\000b\000Y}{subsection.4.3.1}% 58
\BOOKMARK [2][-]{subsection.4.3.2}{\376\377\0004\000.\0003\000.\0002\000\040\000D\000o\000c\000u\000m\000e\000n\000t\000a\000t\000i\000o\000n\000\040\000d\000e\000s\000\040\000f\000o\000n\000c\000t\000i\000o\000n\000s}{section.4.3}% 59
\BOOKMARK [3][-]{subsubsection.4.3.2.1}{\376\377\0004\000.\0003\000.\0002\000.\0001\000\040\000c\000l\000i\000e\000n\000t\000s\000o\000c\000k\000e\000t\000\050\000\051}{subsection.4.3.2}% 60
\BOOKMARK [3][-]{subsubsection.4.3.2.2}{\376\377\0004\000.\0003\000.\0002\000.\0002\000\040\000m\000a\000i\000n\000\050\000\051}{subsection.4.3.2}% 61
\BOOKMARK [3][-]{subsubsection.4.3.2.3}{\376\377\0004\000.\0003\000.\0002\000.\0003\000\040\000s\000d\000l\000m\000o\000v\000e\000\050\000\051}{subsection.4.3.2}% 62
\BOOKMARK [3][-]{subsubsection.4.3.2.4}{\376\377\0004\000.\0003\000.\0002\000.\0004\000\040\000s\000d\000l\000p\000r\000i\000n\000t\000\050\000\051}{subsection.4.3.2}% 63
\BOOKMARK [3][-]{subsubsection.4.3.2.5}{\376\377\0004\000.\0003\000.\0002\000.\0005\000\040\000s\000d\000l\000t\000u\000r\000n\000\050\000\051}{subsection.4.3.2}% 64
\BOOKMARK [2][-]{subsection.4.3.3}{\376\377\0004\000.\0003\000.\0003\000\040\000D\000o\000c\000u\000m\000e\000n\000t\000a\000t\000i\000o\000n\000\040\000d\000e\000s\000\040\000v\000a\000r\000i\000a\000b\000l\000e\000s}{section.4.3}% 65
\BOOKMARK [3][-]{subsubsection.4.3.3.1}{\376\377\0004\000.\0003\000.\0003\000.\0001\000\040\000A}{subsection.4.3.3}% 66
\BOOKMARK [3][-]{subsubsection.4.3.3.2}{\376\377\0004\000.\0003\000.\0003\000.\0002\000\040\000B}{subsection.4.3.3}% 67
\BOOKMARK [3][-]{subsubsection.4.3.3.3}{\376\377\0004\000.\0003\000.\0003\000.\0003\000\040\000b}{subsection.4.3.3}% 68
\BOOKMARK [3][-]{subsubsection.4.3.3.4}{\376\377\0004\000.\0003\000.\0003\000.\0004\000\040\000C}{subsection.4.3.3}% 69
\BOOKMARK [3][-]{subsubsection.4.3.3.5}{\376\377\0004\000.\0003\000.\0003\000.\0005\000\040\000c}{subsection.4.3.3}% 70
\BOOKMARK [3][-]{subsubsection.4.3.3.6}{\376\377\0004\000.\0003\000.\0003\000.\0006\000\040\000D}{subsection.4.3.3}% 71
\BOOKMARK [3][-]{subsubsection.4.3.3.7}{\376\377\0004\000.\0003\000.\0003\000.\0007\000\040\000E}{subsection.4.3.3}% 72
\BOOKMARK [3][-]{subsubsection.4.3.3.8}{\376\377\0004\000.\0003\000.\0003\000.\0008\000\040\000l}{subsection.4.3.3}% 73
\BOOKMARK [3][-]{subsubsection.4.3.3.9}{\376\377\0004\000.\0003\000.\0003\000.\0009\000\040\000m}{subsection.4.3.3}% 74
\BOOKMARK [3][-]{subsubsection.4.3.3.10}{\376\377\0004\000.\0003\000.\0003\000.\0001\0000\000\040\000m\000u\000t\000e\000x}{subsection.4.3.3}% 75
\BOOKMARK [3][-]{subsubsection.4.3.3.11}{\376\377\0004\000.\0003\000.\0003\000.\0001\0001\000\040\000n}{subsection.4.3.3}% 76
\BOOKMARK [3][-]{subsubsection.4.3.3.12}{\376\377\0004\000.\0003\000.\0003\000.\0001\0002\000\040\000o}{subsection.4.3.3}% 77
\BOOKMARK [3][-]{subsubsection.4.3.3.13}{\376\377\0004\000.\0003\000.\0003\000.\0001\0003\000\040\000r}{subsection.4.3.3}% 78
\BOOKMARK [3][-]{subsubsection.4.3.3.14}{\376\377\0004\000.\0003\000.\0003\000.\0001\0004\000\040\000s}{subsection.4.3.3}% 79
\BOOKMARK [3][-]{subsubsection.4.3.3.15}{\376\377\0004\000.\0003\000.\0003\000.\0001\0005\000\040\000t}{subsection.4.3.3}% 80
\BOOKMARK [3][-]{subsubsection.4.3.3.16}{\376\377\0004\000.\0003\000.\0003\000.\0001\0006\000\040\000t\000h\000r\000e\000a\000d\000p\000t}{subsection.4.3.3}% 81
\BOOKMARK [3][-]{subsubsection.4.3.3.17}{\376\377\0004\000.\0003\000.\0003\000.\0001\0007\000\040\000X}{subsection.4.3.3}% 82
\BOOKMARK [1][-]{section.4.4}{\376\377\0004\000.\0004\000\040\000R\000\351\000f\000\351\000r\000e\000n\000c\000e\000\040\000d\000u\000\040\000f\000i\000c\000h\000i\000e\000r\000\040\000S\000O\000U\000R\000C\000E\000/\000s\000c\000h\000l\000a\000n\000g\000a\000.\000c}{chapter.4}% 83
\BOOKMARK [2][-]{subsection.4.4.1}{\376\377\0004\000.\0004\000.\0001\000\040\000D\000o\000c\000u\000m\000e\000n\000t\000a\000t\000i\000o\000n\000\040\000d\000e\000s\000\040\000m\000a\000c\000r\000o\000s}{section.4.4}% 84
\BOOKMARK [3][-]{subsubsection.4.4.1.1}{\376\377\0004\000.\0004\000.\0001\000.\0001\000\040\000B\000O\000A\000R\000D\000S\000I\000Z\000E\000X}{subsection.4.4.1}% 85
\BOOKMARK [3][-]{subsubsection.4.4.1.2}{\376\377\0004\000.\0004\000.\0001\000.\0002\000\040\000B\000O\000A\000R\000D\000S\000I\000Z\000E\000Y}{subsection.4.4.1}% 86
\BOOKMARK [3][-]{subsubsection.4.4.1.3}{\376\377\0004\000.\0004\000.\0001\000.\0003\000\040\000S\000L\000E\000E\000P}{subsection.4.4.1}% 87
\BOOKMARK [3][-]{subsubsection.4.4.1.4}{\376\377\0004\000.\0004\000.\0001\000.\0004\000\040\000S\000N\000A\000K\000E\000L\000E\000N}{subsection.4.4.1}% 88
\BOOKMARK [2][-]{subsection.4.4.2}{\376\377\0004\000.\0004\000.\0002\000\040\000D\000o\000c\000u\000m\000e\000n\000t\000a\000t\000i\000o\000n\000\040\000d\000e\000s\000\040\000f\000o\000n\000c\000t\000i\000o\000n\000s}{section.4.4}% 89
\BOOKMARK [3][-]{subsubsection.4.4.2.1}{\376\377\0004\000.\0004\000.\0002\000.\0001\000\040\000m\000a\000i\000n\000\050\000\051}{subsection.4.4.2}% 90
\BOOKMARK [3][-]{subsubsection.4.4.2.2}{\376\377\0004\000.\0004\000.\0002\000.\0002\000\040\000s\000d\000l\000m\000o\000v\000e\000\050\000\051}{subsection.4.4.2}% 91
\BOOKMARK [3][-]{subsubsection.4.4.2.3}{\376\377\0004\000.\0004\000.\0002\000.\0003\000\040\000s\000d\000l\000p\000r\000i\000n\000t\000\050\000\051}{subsection.4.4.2}% 92
\BOOKMARK [3][-]{subsubsection.4.4.2.4}{\376\377\0004\000.\0004\000.\0002\000.\0004\000\040\000s\000d\000l\000t\000u\000r\000n\000\050\000\051}{subsection.4.4.2}% 93
\BOOKMARK [2][-]{subsection.4.4.3}{\376\377\0004\000.\0004\000.\0003\000\040\000D\000o\000c\000u\000m\000e\000n\000t\000a\000t\000i\000o\000n\000\040\000d\000e\000s\000\040\000v\000a\000r\000i\000a\000b\000l\000e\000s}{section.4.4}% 94
\BOOKMARK [3][-]{subsubsection.4.4.3.1}{\376\377\0004\000.\0004\000.\0003\000.\0001\000\040\000A}{subsection.4.4.3}% 95
\BOOKMARK [3][-]{subsubsection.4.4.3.2}{\376\377\0004\000.\0004\000.\0003\000.\0002\000\040\000B}{subsection.4.4.3}% 96
\BOOKMARK [3][-]{subsubsection.4.4.3.3}{\376\377\0004\000.\0004\000.\0003\000.\0003\000\040\000b}{subsection.4.4.3}% 97
\BOOKMARK [3][-]{subsubsection.4.4.3.4}{\376\377\0004\000.\0004\000.\0003\000.\0004\000\040\000C}{subsection.4.4.3}% 98
\BOOKMARK [3][-]{subsubsection.4.4.3.5}{\376\377\0004\000.\0004\000.\0003\000.\0005\000\040\000c}{subsection.4.4.3}% 99
\BOOKMARK [3][-]{subsubsection.4.4.3.6}{\376\377\0004\000.\0004\000.\0003\000.\0006\000\040\000D}{subsection.4.4.3}% 100
\BOOKMARK [3][-]{subsubsection.4.4.3.7}{\376\377\0004\000.\0004\000.\0003\000.\0007\000\040\000E}{subsection.4.4.3}% 101
\BOOKMARK [3][-]{subsubsection.4.4.3.8}{\376\377\0004\000.\0004\000.\0003\000.\0008\000\040\000m\000u\000t\000e\000x}{subsection.4.4.3}% 102
\BOOKMARK [3][-]{subsubsection.4.4.3.9}{\376\377\0004\000.\0004\000.\0003\000.\0009\000\040\000s}{subsection.4.4.3}% 103
\BOOKMARK [3][-]{subsubsection.4.4.3.10}{\376\377\0004\000.\0004\000.\0003\000.\0001\0000\000\040\000X}{subsection.4.4.3}% 104
\BOOKMARK [1][-]{section.4.5}{\376\377\0004\000.\0005\000\040\000R\000\351\000f\000\351\000r\000e\000n\000c\000e\000\040\000d\000u\000\040\000f\000i\000c\000h\000i\000e\000r\000\040\000S\000O\000U\000R\000C\000E\000/\000s\000c\000h\000l\000a\000n\000g\000a\000l\000i\000b\000.\000c}{chapter.4}% 105
\BOOKMARK [2][-]{subsection.4.5.1}{\376\377\0004\000.\0005\000.\0001\000\040\000D\000o\000c\000u\000m\000e\000n\000t\000a\000t\000i\000o\000n\000\040\000d\000e\000s\000\040\000m\000a\000c\000r\000o\000s}{section.4.5}% 106
\BOOKMARK [3][-]{subsubsection.4.5.1.1}{\376\377\0004\000.\0005\000.\0001\000.\0001\000\040\000C\000O\000D\000E\000B\000O\000W}{subsection.4.5.1}% 107
\BOOKMARK [3][-]{subsubsection.4.5.1.2}{\376\377\0004\000.\0005\000.\0001\000.\0002\000\040\000C\000O\000D\000E\000C\000O\000R\000N\000E\000R}{subsection.4.5.1}% 108
\BOOKMARK [3][-]{subsubsection.4.5.1.3}{\376\377\0004\000.\0005\000.\0001\000.\0003\000\040\000C\000O\000D\000E\000N\000E\000X\000T\000T\000O}{subsection.4.5.1}% 109
\BOOKMARK [3][-]{subsubsection.4.5.1.4}{\376\377\0004\000.\0005\000.\0001\000.\0004\000\040\000C\000O\000D\000E\000N\000U\000L\000L}{subsection.4.5.1}% 110
\BOOKMARK [3][-]{subsubsection.4.5.1.5}{\376\377\0004\000.\0005\000.\0001\000.\0005\000\040\000C\000O\000D\000E\000W\000A\000L\000L}{subsection.4.5.1}% 111
\BOOKMARK [2][-]{subsection.4.5.2}{\376\377\0004\000.\0005\000.\0002\000\040\000D\000o\000c\000u\000m\000e\000n\000t\000a\000t\000i\000o\000n\000\040\000d\000e\000s\000\040\000f\000o\000n\000c\000t\000i\000o\000n\000s}{section.4.5}% 112
\BOOKMARK [3][-]{subsubsection.4.5.2.1}{\376\377\0004\000.\0005\000.\0002\000.\0001\000\040\000e\000x\000i\000s\000t\000i\000n\000s\000n\000a\000k\000e\000\050\000c\000o\000n\000s\000t\000\040\000s\000n\000a\000k\000e\000\040\000*\000s\000,\000\040\000i\000n\000t\000\040\000x\000,\000\040\000i\000n\000t\000\040\000y\000\051}{subsection.4.5.2}% 113
\BOOKMARK [3][-]{subsubsection.4.5.2.2}{\376\377\0004\000.\0005\000.\0002\000.\0002\000\040\000m\000i\000n\000a\000b\000s\000\050\000i\000n\000t\000\040\000a\000,\000\040\000i\000n\000t\000\040\000b\000\051}{subsection.4.5.2}% 114
\BOOKMARK [3][-]{subsubsection.4.5.2.3}{\376\377\0004\000.\0005\000.\0002\000.\0003\000\040\000s\000c\000h\000l\000a\000n\000g\000a\000b\000o\000w\000\050\000b\000o\000a\000r\000d\000\040\000*\000b\000,\000\040\000c\000o\000n\000s\000t\000\040\000s\000n\000a\000k\000e\000\040\000*\000s\000,\000\040\000s\000n\000a\000k\000e\000\040\000*\000c\000\051}{subsection.4.5.2}% 115
\BOOKMARK [3][-]{subsubsection.4.5.2.4}{\376\377\0004\000.\0005\000.\0002\000.\0004\000\040\000s\000c\000h\000l\000a\000n\000g\000a\000c\000o\000r\000n\000e\000r\000\050\000b\000o\000a\000r\000d\000\040\000*\000b\000,\000\040\000s\000n\000a\000k\000e\000\040\000*\000c\000\051}{subsection.4.5.2}% 116
\BOOKMARK [3][-]{subsubsection.4.5.2.5}{\376\377\0004\000.\0005\000.\0002\000.\0005\000\040\000s\000c\000h\000l\000a\000n\000g\000a\000i\000a\000\050\000b\000o\000a\000r\000d\000\040\000*\000b\000,\000\040\000c\000o\000n\000s\000t\000\040\000s\000n\000a\000k\000e\000\040\000*\000s\000,\000\040\000s\000n\000a\000k\000e\000\040\000*\000c\000,\000\040\000i\000n\000t\000\040\000l\000e\000n\000\051}{subsection.4.5.2}% 117
\BOOKMARK [3][-]{subsubsection.4.5.2.6}{\376\377\0004\000.\0005\000.\0002\000.\0006\000\040\000s\000c\000h\000l\000a\000n\000g\000a\000n\000e\000x\000t\000t\000o\000\050\000b\000o\000a\000r\000d\000\040\000*\000b\000,\000\040\000c\000o\000n\000s\000t\000\040\000s\000n\000a\000k\000e\000\040\000*\000s\000,\000\040\000s\000n\000a\000k\000e\000\040\000*\000c\000\051}{subsection.4.5.2}% 118
\BOOKMARK [3][-]{subsubsection.4.5.2.7}{\376\377\0004\000.\0005\000.\0002\000.\0007\000\040\000s\000c\000h\000l\000a\000n\000g\000a\000w\000a\000l\000l\000\050\000b\000o\000a\000r\000d\000\040\000*\000b\000,\000\040\000s\000n\000a\000k\000e\000\040\000*\000c\000\051}{subsection.4.5.2}% 119
\BOOKMARK [1][-]{section.4.6}{\376\377\0004\000.\0006\000\040\000R\000\351\000f\000\351\000r\000e\000n\000c\000e\000\040\000d\000u\000\040\000f\000i\000c\000h\000i\000e\000r\000\040\000S\000O\000U\000R\000C\000E\000/\000s\000e\000r\000v\000e\000r\000.\000c}{chapter.4}% 120
\BOOKMARK [2][-]{subsection.4.6.1}{\376\377\0004\000.\0006\000.\0001\000\040\000D\000o\000c\000u\000m\000e\000n\000t\000a\000t\000i\000o\000n\000\040\000d\000e\000s\000\040\000m\000a\000c\000r\000o\000s}{section.4.6}% 121
\BOOKMARK [3][-]{subsubsection.4.6.1.1}{\376\377\0004\000.\0006\000.\0001\000.\0001\000\040\000A\000D\000D\000R}{subsection.4.6.1}% 122
\BOOKMARK [3][-]{subsubsection.4.6.1.2}{\376\377\0004\000.\0006\000.\0001\000.\0002\000\040\000B\000A\000C\000K\000L\000O\000G}{subsection.4.6.1}% 123
\BOOKMARK [3][-]{subsubsection.4.6.1.3}{\376\377\0004\000.\0006\000.\0001\000.\0003\000\040\000e\000r\000r}{subsection.4.6.1}% 124
\BOOKMARK [3][-]{subsubsection.4.6.1.4}{\376\377\0004\000.\0006\000.\0001\000.\0004\000\040\000P\000O\000R\000T}{subsection.4.6.1}% 125
\BOOKMARK [2][-]{subsection.4.6.2}{\376\377\0004\000.\0006\000.\0002\000\040\000D\000o\000c\000u\000m\000e\000n\000t\000a\000t\000i\000o\000n\000\040\000d\000e\000s\000\040\000f\000o\000n\000c\000t\000i\000o\000n\000s}{section.4.6}% 126
\BOOKMARK [3][-]{subsubsection.4.6.2.1}{\376\377\0004\000.\0006\000.\0002\000.\0001\000\040\000m\000a\000i\000n\000\050\000\051}{subsection.4.6.2}% 127
\BOOKMARK [3][-]{subsubsection.4.6.2.2}{\376\377\0004\000.\0006\000.\0002\000.\0002\000\040\000s\000e\000r\000v\000e\000r\000a\000c\000c\000e\000p\000t\000\050\000i\000n\000t\000\040\000p\000\051}{subsection.4.6.2}% 128
\BOOKMARK [3][-]{subsubsection.4.6.2.3}{\376\377\0004\000.\0006\000.\0002\000.\0003\000\040\000s\000e\000r\000v\000e\000r\000h\000a\000n\000d\000l\000e\000r\000\050\000v\000o\000i\000d\000\040\000*\000a\000r\000g\000\051}{subsection.4.6.2}% 129
\BOOKMARK [3][-]{subsubsection.4.6.2.4}{\376\377\0004\000.\0006\000.\0002\000.\0004\000\040\000s\000e\000r\000v\000e\000r\000s\000o\000c\000k\000e\000t\000\050\000\051}{subsection.4.6.2}% 130
\BOOKMARK [2][-]{subsection.4.6.3}{\376\377\0004\000.\0006\000.\0003\000\040\000D\000o\000c\000u\000m\000e\000n\000t\000a\000t\000i\000o\000n\000\040\000d\000e\000s\000\040\000v\000a\000r\000i\000a\000b\000l\000e\000s}{section.4.6}% 131
\BOOKMARK [3][-]{subsubsection.4.6.3.1}{\376\377\0004\000.\0006\000.\0003\000.\0001\000\040\000c\000l\000i\000e\000n\000t\000s}{subsection.4.6.3}% 132
\BOOKMARK [3][-]{subsubsection.4.6.3.2}{\376\377\0004\000.\0006\000.\0003\000.\0002\000\040\000t\000h\000r\000e\000a\000d\000p\000t}{subsection.4.6.3}% 133
\BOOKMARK [1][-]{section.4.7}{\376\377\0004\000.\0007\000\040\000R\000\351\000f\000\351\000r\000e\000n\000c\000e\000\040\000d\000u\000\040\000f\000i\000c\000h\000i\000e\000r\000\040\000S\000O\000U\000R\000C\000E\000/\000s\000n\000a\000k\000e\000.\000c}{chapter.4}% 134
\BOOKMARK [2][-]{subsection.4.7.1}{\376\377\0004\000.\0007\000.\0001\000\040\000D\000o\000c\000u\000m\000e\000n\000t\000a\000t\000i\000o\000n\000\040\000d\000e\000s\000\040\000m\000a\000c\000r\000o\000s}{section.4.7}% 135
\BOOKMARK [3][-]{subsubsection.4.7.1.1}{\376\377\0004\000.\0007\000.\0001\000.\0001\000\040\000B\000O\000A\000R\000D\000S\000I\000Z\000E\000X}{subsection.4.7.1}% 136
\BOOKMARK [3][-]{subsubsection.4.7.1.2}{\376\377\0004\000.\0007\000.\0001\000.\0002\000\040\000B\000O\000A\000R\000D\000S\000I\000Z\000E\000Y}{subsection.4.7.1}% 137
\BOOKMARK [3][-]{subsubsection.4.7.1.3}{\376\377\0004\000.\0007\000.\0001\000.\0003\000\040\000S\000L\000E\000E\000P}{subsection.4.7.1}% 138
\BOOKMARK [3][-]{subsubsection.4.7.1.4}{\376\377\0004\000.\0007\000.\0001\000.\0004\000\040\000S\000N\000A\000K\000E\000L\000E\000N}{subsection.4.7.1}% 139
\BOOKMARK [2][-]{subsection.4.7.2}{\376\377\0004\000.\0007\000.\0002\000\040\000D\000o\000c\000u\000m\000e\000n\000t\000a\000t\000i\000o\000n\000\040\000d\000e\000s\000\040\000f\000o\000n\000c\000t\000i\000o\000n\000s}{section.4.7}% 140
\BOOKMARK [3][-]{subsubsection.4.7.2.1}{\376\377\0004\000.\0007\000.\0002\000.\0001\000\040\000m\000a\000i\000n\000\050\000\051}{subsection.4.7.2}% 141
\BOOKMARK [3][-]{subsubsection.4.7.2.2}{\376\377\0004\000.\0007\000.\0002\000.\0002\000\040\000s\000d\000l\000m\000o\000v\000e\000\050\000\051}{subsection.4.7.2}% 142
\BOOKMARK [3][-]{subsubsection.4.7.2.3}{\376\377\0004\000.\0007\000.\0002\000.\0003\000\040\000s\000d\000l\000p\000r\000i\000n\000t\000\050\000\051}{subsection.4.7.2}% 143
\BOOKMARK [3][-]{subsubsection.4.7.2.4}{\376\377\0004\000.\0007\000.\0002\000.\0004\000\040\000s\000d\000l\000t\000u\000r\000n\000\050\000\051}{subsection.4.7.2}% 144
\BOOKMARK [2][-]{subsection.4.7.3}{\376\377\0004\000.\0007\000.\0003\000\040\000D\000o\000c\000u\000m\000e\000n\000t\000a\000t\000i\000o\000n\000\040\000d\000e\000s\000\040\000v\000a\000r\000i\000a\000b\000l\000e\000s}{section.4.7}% 145
\BOOKMARK [3][-]{subsubsection.4.7.3.1}{\376\377\0004\000.\0007\000.\0003\000.\0001\000\040\000A}{subsection.4.7.3}% 146
\BOOKMARK [3][-]{subsubsection.4.7.3.2}{\376\377\0004\000.\0007\000.\0003\000.\0002\000\040\000a\000p\000p\000l\000e\000x}{subsection.4.7.3}% 147
\BOOKMARK [3][-]{subsubsection.4.7.3.3}{\376\377\0004\000.\0007\000.\0003\000.\0003\000\040\000a\000p\000p\000l\000e\000y}{subsection.4.7.3}% 148
\BOOKMARK [3][-]{subsubsection.4.7.3.4}{\376\377\0004\000.\0007\000.\0003\000.\0004\000\040\000B}{subsection.4.7.3}% 149
\BOOKMARK [3][-]{subsubsection.4.7.3.5}{\376\377\0004\000.\0007\000.\0003\000.\0005\000\040\000b}{subsection.4.7.3}% 150
\BOOKMARK [3][-]{subsubsection.4.7.3.6}{\376\377\0004\000.\0007\000.\0003\000.\0006\000\040\000C}{subsection.4.7.3}% 151
\BOOKMARK [3][-]{subsubsection.4.7.3.7}{\376\377\0004\000.\0007\000.\0003\000.\0007\000\040\000D}{subsection.4.7.3}% 152
\BOOKMARK [3][-]{subsubsection.4.7.3.8}{\376\377\0004\000.\0007\000.\0003\000.\0008\000\040\000E}{subsection.4.7.3}% 153
\BOOKMARK [3][-]{subsubsection.4.7.3.9}{\376\377\0004\000.\0007\000.\0003\000.\0009\000\040\000l\000a\000s\000t\000x}{subsection.4.7.3}% 154
\BOOKMARK [3][-]{subsubsection.4.7.3.10}{\376\377\0004\000.\0007\000.\0003\000.\0001\0000\000\040\000l\000a\000s\000t\000y}{subsection.4.7.3}% 155
\BOOKMARK [3][-]{subsubsection.4.7.3.11}{\376\377\0004\000.\0007\000.\0003\000.\0001\0001\000\040\000m\000u\000t\000e\000x}{subsection.4.7.3}% 156
\BOOKMARK [3][-]{subsubsection.4.7.3.12}{\376\377\0004\000.\0007\000.\0003\000.\0001\0002\000\040\000s}{subsection.4.7.3}% 157
\BOOKMARK [3][-]{subsubsection.4.7.3.13}{\376\377\0004\000.\0007\000.\0003\000.\0001\0003\000\040\000X}{subsection.4.7.3}% 158
\BOOKMARK [1][-]{section.4.8}{\376\377\0004\000.\0008\000\040\000R\000\351\000f\000\351\000r\000e\000n\000c\000e\000\040\000d\000u\000\040\000f\000i\000c\000h\000i\000e\000r\000\040\000S\000O\000U\000R\000C\000E\000/\000s\000n\000a\000k\000e\000l\000i\000b\000.\000c}{chapter.4}% 159
\BOOKMARK [2][-]{subsection.4.8.1}{\376\377\0004\000.\0008\000.\0001\000\040\000D\000o\000c\000u\000m\000e\000n\000t\000a\000t\000i\000o\000n\000\040\000d\000e\000s\000\040\000f\000o\000n\000c\000t\000i\000o\000n\000s}{section.4.8}% 160
\BOOKMARK [3][-]{subsubsection.4.8.1.1}{\376\377\0004\000.\0008\000.\0001\000.\0001\000\040\000b\000o\000a\000r\000d\000a\000p\000p\000l\000e\000\050\000b\000o\000a\000r\000d\000\040\000*\000b\000,\000\040\000i\000n\000t\000\040\000*\000x\000,\000\040\000i\000n\000t\000\040\000*\000y\000\051}{subsection.4.8.1}% 161
\BOOKMARK [3][-]{subsubsection.4.8.1.2}{\376\377\0004\000.\0008\000.\0001\000.\0002\000\040\000b\000o\000a\000r\000d\000f\000r\000e\000e\000\050\000b\000o\000a\000r\000d\000\040\000*\000b\000r\000d\000i\000n\000\051}{subsection.4.8.1}% 162
\BOOKMARK [3][-]{subsubsection.4.8.1.3}{\376\377\0004\000.\0008\000.\0001\000.\0003\000\040\000b\000o\000a\000r\000d\000g\000e\000t\000\050\000b\000o\000a\000r\000d\000\040\000c\000o\000n\000s\000t\000\040\000*\000b\000r\000d\000i\000n\000,\000\040\000i\000n\000t\000\040\000x\000,\000\040\000i\000n\000t\000\040\000y\000\051}{subsection.4.8.1}% 163
\BOOKMARK [3][-]{subsubsection.4.8.1.4}{\376\377\0004\000.\0008\000.\0001\000.\0004\000\040\000b\000o\000a\000r\000d\000i\000n\000i\000t\000\050\000i\000n\000t\000\040\000x\000,\000\040\000i\000n\000t\000\040\000y\000\051}{subsection.4.8.1}% 164
\BOOKMARK [3][-]{subsubsection.4.8.1.5}{\376\377\0004\000.\0008\000.\0001\000.\0005\000\040\000b\000o\000a\000r\000d\000p\000r\000i\000n\000t\000\050\000c\000o\000n\000s\000t\000\040\000b\000o\000a\000r\000d\000\040\000*\000b\000r\000d\000i\000n\000\051}{subsection.4.8.1}% 165
\BOOKMARK [3][-]{subsubsection.4.8.1.6}{\376\377\0004\000.\0008\000.\0001\000.\0006\000\040\000b\000o\000a\000r\000d\000p\000x\000m\000a\000p\000\050\000c\000o\000n\000s\000t\000\040\000b\000o\000a\000r\000d\000\040\000*\000b\000r\000d\000i\000n\000,\000\040\000c\000h\000a\000r\000\040\000*\000f\000o\000l\000d\000e\000r\000n\000a\000m\000e\000,\000\040\000i\000n\000t\000\040\000f\000i\000l\000e\000n\000a\000m\000e\000,\000\040\000i\000n\000t\000\040\000z\000o\000o\000m\000\051}{subsection.4.8.1}% 166
\BOOKMARK [3][-]{subsubsection.4.8.1.7}{\376\377\0004\000.\0008\000.\0001\000.\0007\000\040\000b\000o\000a\000r\000d\000s\000e\000t\000\050\000b\000o\000a\000r\000d\000\040\000*\000b\000r\000d\000i\000n\000,\000\040\000i\000n\000t\000\040\000x\000,\000\040\000i\000n\000t\000\040\000y\000,\000\040\000c\000h\000a\000r\000\040\000v\000a\000l\000u\000e\000\051}{subsection.4.8.1}% 167
\BOOKMARK [3][-]{subsubsection.4.8.1.8}{\376\377\0004\000.\0008\000.\0001\000.\0008\000\040\000b\000o\000a\000r\000d\000s\000i\000z\000e\000x\000\050\000b\000o\000a\000r\000d\000\040\000c\000o\000n\000s\000t\000\040\000*\000b\000\051}{subsection.4.8.1}% 168
\BOOKMARK [3][-]{subsubsection.4.8.1.9}{\376\377\0004\000.\0008\000.\0001\000.\0009\000\040\000b\000o\000a\000r\000d\000s\000i\000z\000e\000y\000\050\000b\000o\000a\000r\000d\000\040\000c\000o\000n\000s\000t\000\040\000*\000b\000\051}{subsection.4.8.1}% 169
\BOOKMARK [3][-]{subsubsection.4.8.1.10}{\376\377\0004\000.\0008\000.\0001\000.\0001\0000\000\040\000c\000h\000o\000c\000s\000c\000\050\000s\000n\000a\000k\000e\000\040\000c\000o\000n\000s\000t\000\040\000*\000s\0001\000,\000\040\000s\000n\000a\000k\000e\000\040\000c\000o\000n\000s\000t\000\040\000*\000s\0002\000\051}{subsection.4.8.1}% 170
\BOOKMARK [3][-]{subsubsection.4.8.1.11}{\376\377\0004\000.\0008\000.\0001\000.\0001\0001\000\040\000c\000h\000o\000c\000s\000n\000a\000k\000e\000\050\000s\000n\000a\000k\000e\000\040\000c\000o\000n\000s\000t\000\040\000*\000s\0001\000,\000\040\000s\000n\000a\000k\000e\000\040\000c\000o\000n\000s\000t\000\040\000*\000s\0002\000\051}{subsection.4.8.1}% 171
\BOOKMARK [3][-]{subsubsection.4.8.1.12}{\376\377\0004\000.\0008\000.\0001\000.\0001\0002\000\040\000c\000h\000o\000c\000w\000a\000l\000l\000\050\000b\000o\000a\000r\000d\000\040\000c\000o\000n\000s\000t\000\040\000*\000b\000,\000\040\000s\000n\000a\000k\000e\000\040\000c\000o\000n\000s\000t\000\040\000*\000s\000\051}{subsection.4.8.1}% 172
\BOOKMARK [3][-]{subsubsection.4.8.1.13}{\376\377\0004\000.\0008\000.\0001\000.\0001\0003\000\040\000m\000o\000v\000e\000\050\000b\000o\000a\000r\000d\000\040\000*\000b\000r\000d\000i\000n\000,\000\040\000s\000n\000a\000k\000e\000\040\000*\000s\000n\000k\000i\000n\000,\000\040\000c\000h\000a\000r\000\040\000i\000d\000\051}{subsection.4.8.1}% 173
\BOOKMARK [3][-]{subsubsection.4.8.1.14}{\376\377\0004\000.\0008\000.\0001\000.\0001\0004\000\040\000r\000a\000n\000d\000a\000b\000\050\000i\000n\000t\000\040\000a\000,\000\040\000i\000n\000t\000\040\000b\000\051}{subsection.4.8.1}% 174
\BOOKMARK [3][-]{subsubsection.4.8.1.15}{\376\377\0004\000.\0008\000.\0001\000.\0001\0005\000\040\000s\000n\000a\000k\000e\000a\000d\000d\000\050\000s\000n\000a\000k\000e\000\040\000*\000s\000n\000k\000i\000n\000,\000\040\000i\000n\000t\000\040\000x\000,\000\040\000i\000n\000t\000\040\000y\000\051}{subsection.4.8.1}% 175
\BOOKMARK [3][-]{subsubsection.4.8.1.16}{\376\377\0004\000.\0008\000.\0001\000.\0001\0006\000\040\000s\000n\000a\000k\000e\000a\000d\000d\000l\000\050\000s\000n\000a\000k\000e\000\040\000*\000s\000n\000k\000i\000n\000,\000\040\000i\000n\000t\000\040\000x\000,\000\040\000i\000n\000t\000\040\000y\000\051}{subsection.4.8.1}% 176
\BOOKMARK [3][-]{subsubsection.4.8.1.17}{\376\377\0004\000.\0008\000.\0001\000.\0001\0007\000\040\000s\000n\000a\000k\000e\000a\000p\000p\000l\000e\000\050\000s\000n\000a\000k\000e\000\040\000c\000o\000n\000s\000t\000\040\000*\000s\000,\000\040\000i\000n\000t\000\040\000*\000x\000,\000\040\000i\000n\000t\000\040\000*\000y\000\051}{subsection.4.8.1}% 177
\BOOKMARK [3][-]{subsubsection.4.8.1.18}{\376\377\0004\000.\0008\000.\0001\000.\0001\0008\000\040\000s\000n\000a\000k\000e\000d\000e\000l\000\050\000s\000n\000a\000k\000e\000\040\000*\000s\000n\000k\000i\000n\000,\000\040\000i\000n\000t\000\040\000*\000x\000,\000\040\000i\000n\000t\000\040\000*\000y\000\051}{subsection.4.8.1}% 178
\BOOKMARK [3][-]{subsubsection.4.8.1.19}{\376\377\0004\000.\0008\000.\0001\000.\0001\0009\000\040\000s\000n\000a\000k\000e\000f\000r\000e\000e\000\050\000s\000n\000a\000k\000e\000\040\000*\000s\000n\000k\000i\000n\000\051}{subsection.4.8.1}% 179
\BOOKMARK [3][-]{subsubsection.4.8.1.20}{\376\377\0004\000.\0008\000.\0001\000.\0002\0000\000\040\000s\000n\000a\000k\000e\000g\000e\000t\000l\000\050\000s\000n\000a\000k\000e\000\040\000*\000s\000n\000k\000i\000n\000,\000\040\000i\000n\000t\000\040\000*\000x\000,\000\040\000i\000n\000t\000\040\000*\000y\000\051}{subsection.4.8.1}% 180
\BOOKMARK [3][-]{subsubsection.4.8.1.21}{\376\377\0004\000.\0008\000.\0001\000.\0002\0001\000\040\000s\000n\000a\000k\000e\000i\000n\000i\000t\000\050\000b\000o\000a\000r\000d\000\040\000*\000b\000r\000d\000i\000n\000,\000\040\000s\000n\000a\000k\000e\000\040\000*\000s\000n\000k\000i\000n\000,\000\040\000i\000n\000t\000\040\000l\000e\000n\000,\000\040\000c\000h\000a\000r\000\040\000i\000d\000\051}{subsection.4.8.1}% 181
\BOOKMARK [3][-]{subsubsection.4.8.1.22}{\376\377\0004\000.\0008\000.\0001\000.\0002\0002\000\040\000s\000n\000a\000k\000e\000n\000e\000x\000t\000\050\000s\000n\000a\000k\000e\000\040\000c\000o\000n\000s\000t\000\040\000*\000s\000\051}{subsection.4.8.1}% 182
\BOOKMARK [3][-]{subsubsection.4.8.1.23}{\376\377\0004\000.\0008\000.\0001\000.\0002\0003\000\040\000s\000n\000a\000k\000e\000p\000r\000i\000n\000t\000\050\000c\000o\000n\000s\000t\000\040\000s\000n\000a\000k\000e\000\040\000*\000s\000n\000k\000i\000n\000\051}{subsection.4.8.1}% 183
\BOOKMARK [3][-]{subsubsection.4.8.1.24}{\376\377\0004\000.\0008\000.\0001\000.\0002\0004\000\040\000s\000n\000a\000k\000e\000x\000\050\000s\000n\000a\000k\000e\000\040\000c\000o\000n\000s\000t\000\040\000*\000s\000\051}{subsection.4.8.1}% 184
\BOOKMARK [3][-]{subsubsection.4.8.1.25}{\376\377\0004\000.\0008\000.\0001\000.\0002\0005\000\040\000s\000n\000a\000k\000e\000y\000\050\000s\000n\000a\000k\000e\000\040\000c\000o\000n\000s\000t\000\040\000*\000s\000\051}{subsection.4.8.1}% 185
\BOOKMARK [3][-]{subsubsection.4.8.1.26}{\376\377\0004\000.\0008\000.\0001\000.\0002\0006\000\040\000t\000u\000r\000n\000\050\000b\000o\000a\000r\000d\000\040\000*\000b\000r\000d\000i\000n\000,\000\040\000s\000n\000a\000k\000e\000\040\000*\000s\000n\000k\000i\000n\000,\000\040\000i\000n\000t\000\040\000d\000r\000c\000t\000n\000,\000\040\000c\000h\000a\000r\000\040\000i\000d\000\051}{subsection.4.8.1}% 186
\BOOKMARK [1][-]{section.4.9}{\376\377\0004\000.\0009\000\040\000R\000\351\000f\000\351\000r\000e\000n\000c\000e\000\040\000d\000u\000\040\000f\000i\000c\000h\000i\000e\000r\000\040\000S\000O\000U\000R\000C\000E\000/\000u\000n\000i\000t\000t\000e\000s\000t\000i\000n\000g\000.\000c}{chapter.4}% 187
\BOOKMARK [2][-]{subsection.4.9.1}{\376\377\0004\000.\0009\000.\0001\000\040\000D\000o\000c\000u\000m\000e\000n\000t\000a\000t\000i\000o\000n\000\040\000d\000e\000s\000\040\000f\000o\000n\000c\000t\000i\000o\000n\000s}{section.4.9}% 188
\BOOKMARK [3][-]{subsubsection.4.9.1.1}{\376\377\0004\000.\0009\000.\0001\000.\0001\000\040\000m\000a\000i\000n\000\050\000\051}{subsection.4.9.1}% 189
\BOOKMARK [0][-]{section*.131}{\376\377\000I\000n\000d\000e\000x}{}% 190
